<?xml version="1.0" encoding="UTF-8"?>
<!-- Generated by org.testng.reporters.JUnitReportReporter -->
<testsuite hostname="kalpesh16" failures="0" tests="2" name="Testng.SeleniumSetup.Setup" time="3.756" errors="0" timestamp="01 Oct 2021 13:36:42 GMT" skipped="0">
  <testcase classname="Testng.SeleniumSetup.Setup" name="navigate_to_homepage_click_on_getstarted" time="3.273"/>
  <testcase classname="Testng.SeleniumSetup.Setup" name="enter_userDetails" time="0.483"/>
</testsuite> <!-- Testng.SeleniumSetup.Setup -->
